<?xml version="1.0" encoding="UTF-8"?>
<!-- Generated by org.testng.reporters.JUnitReportReporter -->
<testsuite hostname="LAPTOP-0JVUEE3D" failures="0" tests="2" name="qaclickacademy.Mavenjava.Seleniumtest" time="0.013" errors="0" timestamp="2021-11-13T07:51:32 IST" skipped="0">
  <testcase classname="qaclickacademy.Mavenjava.Seleniumtest" name="elementUI" time="0.001"/>
  <system-out/>
  <testcase classname="qaclickacademy.Mavenjava.Seleniumtest" name="Browserautomation" time="0.012"/>
  <system-out/>
</testsuite> <!-- qaclickacademy.Mavenjava.Seleniumtest -->
