<?xml version="1.0" encoding="UTF-8"?>
<!-- Generated by org.testng.reporters.JUnitReportReporter -->
<testsuite hostname="LAPTOP-0JVUEE3D" failures="0" tests="2" name="qaclickacademy.Mavenjava.SeleniumTest" time="0.001" errors="0" timestamp="2021-12-13T08:20:29 IST" skipped="0">
  <testcase classname="qaclickacademy.Mavenjava.SeleniumTest" name="Browserautomation" time="0.001"/>
  <system-out/>
  <testcase classname="qaclickacademy.Mavenjava.SeleniumTest" name="elementUI" time="0.000"/>
  <system-out/>
</testsuite> <!-- qaclickacademy.Mavenjava.SeleniumTest -->
